ERROR    - 20:28:00.в строке 58 функция "__init__()"  выдало сообщение: Поймали ошибку: <class '__main__.InvalidNumberError'> Invalid text: . Text should be a non-empty string.
CRITICAL - 20:31:26.в строке 89 функция "log_all()"  выдало сообщение: конец работы
INFO     - 20:31:26.в строке 79 функция "__init__()"  выдало сообщение: программа сделала: Text is Sample text and number is 42.5. Also [] and []
ERROR    - 20:31:26.в строке 58 функция "__init__()"  выдало сообщение: Поймали ошибку: <class '__main__.InvalidNumberError'> Invalid text: . Text should be a non-empty string.
CRITICAL - 20:34:24.в строке 88 функция "log_all()"  выдало сообщение: конец работы
INFO     - 20:34:24.в строке 79 функция "__init__()"  выдало сообщение: программа сделала: Text is Sample text and number is 42.5. Also [] and []
INFO     - 20:34:24.в строке 95 функция "<module>()"  выдало сообщение: программа сделала: None
CRITICAL - 20:39:14.в строке 89 функция "log_all()"  выдало сообщение: конец работы
CRITICAL - 20:40:35.в строке 89 функция "log_all()"  выдало сообщение: конец работы
INFO     - 20:40:35.в строке 51 функция "__init__()"  выдало сообщение: программа сделала: получен запрос на создание экземплара класса Archive с аргументами('Sample text', 42.5)
INFO     - 20:40:35.в строке 80 функция "__init__()"  выдало сообщение: программа сделала: Text is Sample text and number is 42.5. Also [] and []
INFO     - 20:40:35.в строке 51 функция "__init__()"  выдало сообщение: программа сделала: получен запрос на создание экземплара класса Archive с аргументами('Sample text2', 5)
INFO     - 20:40:35.в строке 80 функция "__init__()"  выдало сообщение: программа сделала: Text is Sample text2 and number is 5. Also ['Sample text'] and [42.5]
CRITICAL - 22:16:34.в строке 91 функция "log_all()"  выдало сообщение: конец работы
INFO     - 22:16:34.в строке 53 функция "__init__()"  выдало сообщение: программа сделала: получен запрос на создание экземплара класса Archive с аргументами('Sample text', 42.5)
INFO     - 22:16:34.в строке 82 функция "__init__()"  выдало сообщение: программа сделала: Text is Sample text and number is 42.5. Also [] and []
INFO     - 22:16:34.в строке 53 функция "__init__()"  выдало сообщение: программа сделала: получен запрос на создание экземплара класса Archive с аргументами('Sample text2', 5)
INFO     - 22:16:34.в строке 82 функция "__init__()"  выдало сообщение: программа сделала: Text is Sample text2 and number is 5. Also ['Sample text'] and [42.5]
CRITICAL - 22:17:59.в строке 91 функция "log_all()"  выдало сообщение: конец работы
CRITICAL - 22:18:18.в строке 91 функция "log_all()"  выдало сообщение: конец работы
INFO     - 22:18:18.в строке 53 функция "__init__()"  выдало сообщение: программа сделала: получен запрос на создание экземплара класса Archive с аргументами('Sample text', 42.5)
INFO     - 22:18:18.в строке 82 функция "__init__()"  выдало сообщение: программа сделала: Text is Sample text and number is 42.5. Also [] and []
INFO     - 22:18:18.в строке 53 функция "__init__()"  выдало сообщение: программа сделала: получен запрос на создание экземплара класса Archive с аргументами('Sample text2', 5)
INFO     - 22:18:18.в строке 82 функция "__init__()"  выдало сообщение: программа сделала: Text is Sample text2 and number is 5. Also ['Sample text'] and [42.5]
CRITICAL - 13:00:33.в строке 91 функция "log_all()"  выдало сообщение: конец работы
CRITICAL - 13:00:49.в строке 91 функция "log_all()"  выдало сообщение: конец работы
CRITICAL - 13:01:02.в строке 91 функция "log_all()"  выдало сообщение: конец работы
CRITICAL - 13:01:28.в строке 91 функция "log_all()"  выдало сообщение: конец работы
INFO     - 13:01:28.в строке 53 функция "__init__()"  выдало сообщение: программа сделала: получен запрос на создание экземплара класса Archive с аргументами('Sample text', 42.5)
INFO     - 13:01:28.в строке 82 функция "__init__()"  выдало сообщение: программа сделала: Text is Sample text and number is 42.5. Also [] and []
INFO     - 13:01:28.в строке 53 функция "__init__()"  выдало сообщение: программа сделала: получен запрос на создание экземплара класса Archive с аргументами('Sample text2', 5)
INFO     - 13:01:28.в строке 82 функция "__init__()"  выдало сообщение: программа сделала: Text is Sample text2 and number is 5. Also ['Sample text'] and [42.5]
CRITICAL - 13:02:34.в строке 91 функция "log_all()"  выдало сообщение: конец работы
CRITICAL - 13:02:54.в строке 91 функция "log_all()"  выдало сообщение: конец работы
CRITICAL - 13:04:05.в строке 91 функция "log_all()"  выдало сообщение: конец работы
INFO     - 13:04:05.в строке 53 функция "__init__()"  выдало сообщение: программа сделала: получен запрос на создание экземплара класса Archive с аргументами('Sample text', 42.5)
INFO     - 13:04:05.в строке 82 функция "__init__()"  выдало сообщение: программа сделала: Text is Sample text and number is 42.5. Also [] and []
INFO     - 13:04:05.в строке 53 функция "__init__()"  выдало сообщение: программа сделала: получен запрос на создание экземплара класса Archive с аргументами('Sample text2', 5)
INFO     - 13:04:05.в строке 82 функция "__init__()"  выдало сообщение: программа сделала: Text is Sample text2 and number is 5. Also ['Sample text'] and [42.5]
CRITICAL - 13:04:55.в строке 91 функция "log_all()"  выдало сообщение: конец работы
INFO     - 13:04:55.в строке 100 функция "<module>()"  выдало сообщение: Получили экземпляр Namespace: args.param[0] = 'ffff',args.param[1] = '4.6' 
INFO     - 13:04:55.в строке 53 функция "__init__()"  выдало сообщение: программа сделала: получен запрос на создание экземплара класса Archive с аргументами('Sample text', 42.5)
INFO     - 13:04:55.в строке 82 функция "__init__()"  выдало сообщение: программа сделала: Text is Sample text and number is 42.5. Also [] and []
INFO     - 13:04:55.в строке 53 функция "__init__()"  выдало сообщение: программа сделала: получен запрос на создание экземплара класса Archive с аргументами('Sample text2', 5)
INFO     - 13:04:55.в строке 82 функция "__init__()"  выдало сообщение: программа сделала: Text is Sample text2 and number is 5. Also ['Sample text'] and [42.5]
CRITICAL - 13:07:04.в строке 91 функция "log_all()"  выдало сообщение: конец работы
INFO     - 13:07:04.в строке 100 функция "<module>()"  выдало сообщение: Получили экземпляр Namespace: args.param[0] = 'fdfdfdfdff',args.param[1] = '4.86' 
INFO     - 13:07:04.в строке 53 функция "__init__()"  выдало сообщение: программа сделала: получен запрос на создание экземплара класса Archive с аргументами('Sample text', 42.5)
INFO     - 13:07:04.в строке 82 функция "__init__()"  выдало сообщение: программа сделала: Text is Sample text and number is 42.5. Also [] and []
INFO     - 13:07:04.в строке 53 функция "__init__()"  выдало сообщение: программа сделала: получен запрос на создание экземплара класса Archive с аргументами('fdfdfdfdff', '4.86')
CRITICAL - 13:07:27.в строке 91 функция "log_all()"  выдало сообщение: конец работы
INFO     - 13:07:27.в строке 100 функция "<module>()"  выдало сообщение: Получили экземпляр Namespace: args.param[0] = 'fdfdfdfdff',args.param[1] = '4.86' 
INFO     - 13:07:27.в строке 53 функция "__init__()"  выдало сообщение: программа сделала: получен запрос на создание экземплара класса Archive с аргументами('Sample text', 42.5)
INFO     - 13:07:27.в строке 82 функция "__init__()"  выдало сообщение: программа сделала: Text is Sample text and number is 42.5. Also [] and []
INFO     - 13:07:27.в строке 53 функция "__init__()"  выдало сообщение: программа сделала: получен запрос на создание экземплара класса Archive с аргументами('fdfdfdfdff', 4.86)
INFO     - 13:07:27.в строке 82 функция "__init__()"  выдало сообщение: программа сделала: Text is fdfdfdfdff and number is 4.86. Also ['Sample text'] and [42.5]

INFO     - 13:22:25.в строке 53 функция "__init__()"  выдало сообщение: программа сделала: получен запрос на создание экземплара класса Archive с аргументами('Sample text', 42.5)
INFO     - 13:22:25.в строке 82 функция "__init__()"  выдало сообщение: программа сделала: Text is Sample text and number is 42.5. Also [] and []
INFO     - 13:23:58.в строке 102 функция "<module>()"  выдало сообщение: Получили экземпляр Namespace: args.param[0] = 'fdfdfdfdff',args.param[1] = '4.86' 
INFO     - 13:23:58.в строке 53 функция "__init__()"  выдало сообщение: программа сделала: получен запрос на создание экземплара класса Archive с аргументами('fdfdfdfdff', '4.86')
ERROR    - 13:23:58.в строке 111 функция "<module>()"  выдало сообщение: invalid literal for int() with base 10: '4.86'
INFO     - 13:28:59.в строке 53 функция "__init__()"  выдало сообщение: программа сделала: получен запрос на создание экземплара класса Archive с аргументами('Sample text', 42.5)
INFO     - 13:28:59.в строке 82 функция "__init__()"  выдало сообщение: программа сделала: Text is Sample text and number is 42.5. Also [] and []
INFO     - 13:31:54.в строке 53 функция "__init__()"  выдало сообщение: программа сделала: получен запрос на создание экземплара класса Archive с аргументами('Sample text', 42.5)
INFO     - 13:31:54.в строке 82 функция "__init__()"  выдало сообщение: программа сделала: Text is Sample text and number is 42.5. Also [] and []
INFO     - 13:35:29.в строке 53 функция "__init__()"  выдало сообщение: программа сделала: получен запрос на создание экземплара класса Archive с аргументами('Sample text', 42.5)
INFO     - 13:35:29.в строке 82 функция "__init__()"  выдало сообщение: программа сделала: Text is Sample text and number is 42.5. Also [] and []
INFO     - 13:36:37.в строке 53 функция "__init__()"  выдало сообщение: программа сделала: получен запрос на создание экземплара класса Archive с аргументами('Sample text', 42.5)
INFO     - 13:36:37.в строке 82 функция "__init__()"  выдало сообщение: программа сделала: Text is Sample text and number is 42.5. Also [] and []
INFO     - 13:40:20.в строке 53 функция "__init__()"  выдало сообщение: программа сделала: получен запрос на создание экземплара класса Archive с аргументами('Sample text', 42.5)
INFO     - 13:40:20.в строке 82 функция "__init__()"  выдало сообщение: программа сделала: Text is Sample text and number is 42.5. Also [] and []
INFO     - 13:40:48.в строке 101 функция "<module>()"  выдало сообщение: Получили экземпляр Namespace: args.param[0] = 'fdfdfdfdff',args.param[1] = '4.86' 
INFO     - 13:40:48.в строке 53 функция "__init__()"  выдало сообщение: программа сделала: получен запрос на создание экземплара класса Archive с аргументами('fdfdfdfdff', '4.86')
ERROR    - 13:40:48.в строке 108 функция "<module>()"  выдало сообщение: invalid literal for int() with base 10: '4.86'
Traceback (most recent call last):
  File "D:\ОБУЧЕНИЕ GEEKBRAINS\Погружение в Python\HW\final_hw\task_01.py", line 106, in <module>
    c2 = Archive(args.param[0], args.param[1])
         ^^^^^^^^^^^^^^^^^^^^^^^^^^^^^^^^^^^^^
  File "D:\ОБУЧЕНИЕ GEEKBRAINS\Погружение в Python\HW\final_hw\task_01.py", line 71, in __init__
    if int(number) or float(number):
       ^^^^^^^^^^^
ValueError: invalid literal for int() with base 10: '4.86'
INFO     - 13:45:46.в строке 101 функция "<module>()"  выдало сообщение: Получили экземпляр Namespace: args.param[0] = 'fdfdfdfdff',args.param[1] = '4.86' 
INFO     - 13:45:46.в строке 53 функция "__init__()"  выдало сообщение: программа сделала: получен запрос на создание экземплара класса Archive с аргументами('fdfdfdfdff', '4.86')
ERROR    - 13:45:46.в строке 108 функция "<module>()"  выдало сообщение: invalid literal for int() with base 10: '4.86'
Traceback (most recent call last):
  File "D:\ОБУЧЕНИЕ GEEKBRAINS\Погружение в Python\HW\final_hw\task_01.py", line 106, in <module>
    c2 = Archive(args.param[0], args.param[1])
         ^^^^^^^^^^^^^^^^^^^^^^^^^^^^^^^^^^^^^
  File "D:\ОБУЧЕНИЕ GEEKBRAINS\Погружение в Python\HW\final_hw\task_01.py", line 71, in __init__
    if int(number) or float(number):
       ^^^^^^^^^^^
ValueError: invalid literal for int() with base 10: '4.86'
INFO     - 14:02:20.в строке 107 функция "<module>()"  выдало сообщение: Получили экземпляр Namespace: args.param[0] = 'fdfdfdfdff',args.param[1] = '4.86' 
INFO     - 14:02:20.в строке 53 функция "__init__()"  выдало сообщение: программа сделала: получен запрос на создание экземплара класса Archive с аргументами('fdfdfdfdff', '4.86')
ERROR    - 14:02:20.в строке 111 функция "<module>()"  выдало сообщение: invalid literal for int() with base 10: '4.86'
Traceback (most recent call last):
  File "D:\ОБУЧЕНИЕ GEEKBRAINS\Погружение в Python\HW\final_hw\task_01.py", line 109, in <module>
    c2 = Archive(args.param[0], args.param[1])
         ^^^^^^^^^^^^^^^^^^^^^^^^^^^^^^^^^^^^^
  File "D:\ОБУЧЕНИЕ GEEKBRAINS\Погружение в Python\HW\final_hw\task_01.py", line 71, in __init__
    if int(number) or float(number):
       ^^^^^^^^^^^
ValueError: invalid literal for int() with base 10: '4.86'
INFO     - 14:03:34.в строке 107 функция "<module>()"  выдало сообщение: Получили экземпляр Namespace: args1.param[0] = 'fdfdfdfdff',args1.param[1] = '4.86' 
INFO     - 14:03:34.в строке 53 функция "__init__()"  выдало сообщение: программа сделала: получен запрос на создание экземплара класса Archive с аргументами('fdfdfdfdff', '4.86')
ERROR    - 14:03:34.в строке 111 функция "<module>()"  выдало сообщение: invalid literal for int() with base 10: '4.86'
Traceback (most recent call last):
  File "D:\ОБУЧЕНИЕ GEEKBRAINS\Погружение в Python\HW\final_hw\task_01.py", line 109, in <module>
    c2 = Archive(args1.param[0], args1.param[1])
         ^^^^^^^^^^^^^^^^^^^^^^^^^^^^^^^^^^^^^^^
  File "D:\ОБУЧЕНИЕ GEEKBRAINS\Погружение в Python\HW\final_hw\task_01.py", line 71, in __init__
    if int(number) or float(number):
       ^^^^^^^^^^^
ValueError: invalid literal for int() with base 10: '4.86'
CRITICAL - 14:07:19.в строке 94 функция "log_all()"  выдало сообщение: конец работы
INFO     - 14:07:19.в строке 110 функция "<module>()"  выдало сообщение: Получили экземпляр Namespace: args1.param[0] = 'fdfdfdfdff',args1.param[1] = '4.86' 
INFO     - 14:07:19.в строке 52 функция "__init__()"  выдало сообщение: программа сделала: получен запрос на создание экземплара класса Archive с аргументами('fdfdfdfdff', '4.86')
CRITICAL - 14:10:42.в строке 94 функция "log_all()"  выдало сообщение: конец работы
CRITICAL - 14:13:51.в строке 94 функция "log_all()"  выдало сообщение: конец работы
ERROR    - 14:33:33.в строке 104 функция "<module>()"  выдало сообщение: получили исключение при передаче параметров: 'NoneType' object is not subscriptable
Traceback (most recent call last):
  File "D:\ОБУЧЕНИЕ GEEKBRAINS\Погружение в Python\HW\final_hw\task_01.py", line 102, in <module>
    logger.info(f'Получили экземпляр Namespace: {args_1.param[0] = },{args_1.param[1] = } ')
                                                 ~~~~~~~~~~~~^^^
TypeError: 'NoneType' object is not subscriptable
INFO     - 14:44:48.в строке 53 функция "__init__()"  выдало сообщение: программа сделала: получен запрос на создание экземплара класса Archive с аргументами('Sample text', 42.5)
INFO     - 14:44:48.в строке 82 функция "__init__()"  выдало сообщение: программа сделала: Text is Sample text and number is 42.5. Also [] and []
INFO     - 14:44:48.в строке 111 функция "<module>()"  выдало сообщение: печать: Text is Sample text and number is 42.5. Also [] and []
INFO     - 14:47:58.в строке 53 функция "__init__()"  выдало сообщение: программа сделала: получен запрос на создание экземплара класса Archive с аргументами('Sample text', 42.5)
INFO     - 14:47:58.в строке 82 функция "__init__()"  выдало сообщение: программа сделала: Text is Sample text and number is 42.5. Also [] and []
INFO     - 14:47:58.в строке 111 функция "<module>()"  выдало сообщение: печать: Text is Sample text and number is 42.5. Also [] and []
INFO     - 14:54:50.в строке 53 функция "__init__()"  выдало сообщение: программа сделала: получен запрос на создание экземплара класса Archive с аргументами('Sample text', 42.5)
INFO     - 14:54:50.в строке 82 функция "__init__()"  выдало сообщение: программа сделала: Text is Sample text and number is 42.5. Also [] and []
INFO     - 14:54:50.в строке 114 функция "<module>()"  выдало сообщение: печать: Text is Sample text and number is 42.5. Also [] and []
INFO     - 15:04:20.в строке 105 функция "<module>()"  выдало сообщение: Получили аргументы: None,None 
INFO     - 15:04:20.в строке 53 функция "__init__()"  выдало сообщение: программа сделала: получен запрос на создание экземплара класса Archive с аргументами(None, None)
ERROR    - 15:04:20.в строке 109 функция "<module>()"  выдало сообщение: получили исключение при передаче параметров: object of type 'NoneType' has no len()
Traceback (most recent call last):
  File "D:\ОБУЧЕНИЕ GEEKBRAINS\Погружение в Python\HW\final_hw\task_01.py", line 107, in <module>
    c2 = Archive(args_1.text, args_1.number)
         ^^^^^^^^^^^^^^^^^^^^^^^^^^^^^^^^^^^
  File "D:\ОБУЧЕНИЕ GEEKBRAINS\Погружение в Python\HW\final_hw\task_01.py", line 55, in __init__
    len(text)
TypeError: object of type 'NoneType' has no len()
INFO     - 15:05:12.в строке 53 функция "__init__()"  выдало сообщение: программа сделала: получен запрос на создание экземплара класса Archive с аргументами('Sample text', 42.5)
INFO     - 15:05:12.в строке 82 функция "__init__()"  выдало сообщение: программа сделала: Text is Sample text and number is 42.5. Also [] and []
INFO     - 15:05:12.в строке 116 функция "<module>()"  выдало сообщение: печать: Text is Sample text and number is 42.5. Also [] and []
INFO     - 16:25:03.в строке 110 функция "<module>()"  выдало сообщение: Получили аргументы: ['rr'],0 
ERROR    - 16:33:35.в строке 110 функция "<module>()"  выдало сообщение: Warning: Unrecognized arguments: ['rr']
INFO     - 16:33:35.в строке 112 функция "<module>()"  выдало сообщение: Получили аргументы: ,0 
ERROR    - 16:34:06.в строке 110 функция "<module>()"  выдало сообщение: Warning: Unrecognized arguments: ['rr', '4.4']
INFO     - 16:34:06.в строке 112 функция "<module>()"  выдало сообщение: Получили аргументы: ,0 
ERROR    - 16:37:05.в строке 110 функция "<module>()"  выдало сообщение:  Unrecognized arguments: ['rr', '4.4']
INFO     - 16:37:05.в строке 112 функция "<module>()"  выдало сообщение: Получили аргументы: ,0 
INFO     - 16:37:05.в строке 53 функция "__init__()"  выдало сообщение: программа сделала: получен запрос на создание экземплара класса Archive с аргументами('', 0.0)
ERROR    - 16:37:05.в строке 63 функция "__init__()"  выдало сообщение: Поймали ошибку: <class '__main__.InvalidNumberError'> Invalid text: . Text should be a non-empty string.
INFO     - 16:38:12.в строке 112 функция "<module>()"  выдало сообщение: Получили аргументы: ['rr'],[4.4] 
INFO     - 16:38:56.в строке 112 функция "<module>()"  выдало сообщение: Получили аргументы: ['rr'],[4.4] 
INFO     - 16:38:56.в строке 53 функция "__init__()"  выдало сообщение: программа сделала: получен запрос на создание экземплара класса Archive с аргументами(['rr'], [4.4])
INFO     - 16:41:49.в строке 112 функция "<module>()"  выдало сообщение: Получили аргументы: ['rr'],[4.4] 
INFO     - 16:41:49.в строке 53 функция "__init__()"  выдало сообщение: программа сделала: получен запрос на создание экземплара класса Archive с аргументами('rr', 4.4)
INFO     - 16:41:49.в строке 87 функция "__str__()"  выдало сообщение: программа сделала: Text is rr and number is 4.4. Also [] and []
INFO     - 16:41:49.в строке 84 функция "__init__()"  выдало сообщение: программа сделала: Text is rr and number is 4.4. Also [] and []
INFO     - 16:41:49.в строке 53 функция "__init__()"  выдало сообщение: программа сделала: получен запрос на создание экземплара класса Archive с аргументами('Sample text', 42.5)
INFO     - 16:41:49.в строке 87 функция "__str__()"  выдало сообщение: программа сделала: Text is Sample text and number is 42.5. Also ['rr'] and [4.4]
INFO     - 16:41:49.в строке 84 функция "__init__()"  выдало сообщение: программа сделала: Text is Sample text and number is 42.5. Also ['rr'] and [4.4]
INFO     - 16:41:49.в строке 87 функция "__str__()"  выдало сообщение: программа сделала: Text is Sample text and number is 42.5. Also ['rr'] and [4.4]
INFO     - 16:41:49.в строке 115 функция "<module>()"  выдало сообщение: печатаем: Text is Sample text and number is 42.5. Also ['rr'] and [4.4] 
INFO     - 16:41:49.в строке 87 функция "__str__()"  выдало сообщение: программа сделала: Text is Sample text and number is 42.5. Also ['rr'] and [4.4]
INFO     - 16:42:24.в строке 112 функция "<module>()"  выдало сообщение: Получили аргументы: ,0 
INFO     - 16:44:11.в строке 112 функция "<module>()"  выдало сообщение: Получили аргументы: ,0 
INFO     - 16:45:13.в строке 112 функция "<module>()"  выдало сообщение: Получили аргументы: ['rr'],[4.4] 
INFO     - 16:45:13.в строке 53 функция "__init__()"  выдало сообщение: программа сделала: получен запрос на создание экземплара класса Archive с аргументами(['rr'], [4.4])
INFO     - 16:45:59.в строке 112 функция "<module>()"  выдало сообщение: Получили аргументы: ['rr'],[4.4] 
INFO     - 16:45:59.в строке 53 функция "__init__()"  выдало сообщение: программа сделала: получен запрос на создание экземплара класса Archive с аргументами('rr', 4.4)
INFO     - 16:45:59.в строке 87 функция "__str__()"  выдало сообщение: программа сделала: Text is rr and number is 4.4. Also [] and []
INFO     - 16:45:59.в строке 84 функция "__init__()"  выдало сообщение: программа сделала: Text is rr and number is 4.4. Also [] and []
INFO     - 16:45:59.в строке 53 функция "__init__()"  выдало сообщение: программа сделала: получен запрос на создание экземплара класса Archive с аргументами('Sample text', 42.5)
INFO     - 16:45:59.в строке 87 функция "__str__()"  выдало сообщение: программа сделала: Text is Sample text and number is 42.5. Also ['rr'] and [4.4]
INFO     - 16:45:59.в строке 84 функция "__init__()"  выдало сообщение: программа сделала: Text is Sample text and number is 42.5. Also ['rr'] and [4.4]
INFO     - 16:45:59.в строке 87 функция "__str__()"  выдало сообщение: программа сделала: Text is Sample text and number is 42.5. Also ['rr'] and [4.4]
INFO     - 16:45:59.в строке 118 функция "<module>()"  выдало сообщение: печатаем: Text is Sample text and number is 42.5. Also ['rr'] and [4.4] 
INFO     - 16:45:59.в строке 87 функция "__str__()"  выдало сообщение: программа сделала: Text is Sample text and number is 42.5. Also ['rr'] and [4.4]
INFO     - 16:46:04.в строке 112 функция "<module>()"  выдало сообщение: Получили аргументы: ,0 
INFO     - 16:46:04.в строке 53 функция "__init__()"  выдало сообщение: программа сделала: получен запрос на создание экземплара класса Archive с аргументами('', 0)
ERROR    - 16:46:04.в строке 63 функция "__init__()"  выдало сообщение: Поймали ошибку: <class '__main__.InvalidNumberError'> Invalid text: . Text should be a non-empty string.
CRITICAL - 16:47:01.в строке 96 функция "log_all()"  выдало сообщение: конец работы
INFO     - 16:47:01.в строке 112 функция "<module>()"  выдало сообщение: Получили аргументы: ,0 
INFO     - 16:47:01.в строке 53 функция "__init__()"  выдало сообщение: программа сделала: получен запрос на создание экземплара класса Archive с аргументами('', 0)
ERROR    - 16:47:01.в строке 63 функция "__init__()"  выдало сообщение: Поймали ошибку: <class '__main__.InvalidNumberError'> Invalid text: . Text should be a non-empty string.
CRITICAL - 16:48:10.в строке 96 функция "log_all()"  выдало сообщение: конец работы
INFO     - 16:48:10.в строке 112 функция "<module>()"  выдало сообщение: Получили аргументы: ,0 
INFO     - 16:48:10.в строке 53 функция "__init__()"  выдало сообщение: программа сделала: получен запрос на создание экземплара класса Archive с аргументами('', 0)
ERROR    - 16:48:10.в строке 63 функция "__init__()"  выдало сообщение: Поймали ошибку: <class '__main__.InvalidNumberError'> Invalid text: . Text should be a non-empty string.
CRITICAL - 16:49:24.в строке 96 функция "log_all()"  выдало сообщение: конец работы
INFO     - 16:49:24.в строке 113 функция "<module>()"  выдало сообщение: Получили аргументы: ,0 
INFO     - 16:49:24.в строке 53 функция "__init__()"  выдало сообщение: программа сделала: получен запрос на создание экземплара класса Archive с аргументами('', 0)
ERROR    - 16:49:24.в строке 63 функция "__init__()"  выдало сообщение: Поймали ошибку: <class '__main__.InvalidNumberError'> Invalid text: . Text should be a non-empty string.
CRITICAL - 16:50:30.в строке 95 функция "log_all()"  выдало сообщение: конец работы
INFO     - 16:50:30.в строке 111 функция "<module>()"  выдало сообщение: Получили аргументы: ['rr'],0 
CRITICAL - 16:57:13.в строке 95 функция "log_all()"  выдало сообщение: конец работы
INFO     - 16:57:13.в строке 52 функция "__init__()"  выдало сообщение: программа сделала: получен запрос на создание экземплара класса Archive с аргументами(['rr'], 0)
ERROR    - 16:57:13.в строке 80 функция "__init__()"  выдало сообщение: Поймали ошибку: <class '__main__.InvalidNumberError'> Invalid text: ['rr']. Text should be a non-empty string.
CRITICAL - 16:57:48.в строке 95 функция "log_all()"  выдало сообщение: конец работы
INFO     - 16:57:48.в строке 52 функция "__init__()"  выдало сообщение: программа сделала: получен запрос на создание экземплара класса Archive с аргументами(['rr'], [5.0])
CRITICAL - 16:59:19.в строке 95 функция "log_all()"  выдало сообщение: конец работы
INFO     - 16:59:19.в строке 52 функция "__init__()"  выдало сообщение: программа сделала: получен запрос на создание экземплара класса Archive с аргументами('', 0)
ERROR    - 16:59:19.в строке 62 функция "__init__()"  выдало сообщение: Поймали ошибку: <class '__main__.InvalidNumberError'> Invalid text: . Text should be a non-empty string.
CRITICAL - 17:00:25.в строке 95 функция "log_all()"  выдало сообщение: конец работы
INFO     - 17:00:25.в строке 52 функция "__init__()"  выдало сообщение: программа сделала: получен запрос на создание экземплара класса Archive с аргументами("['rr']", [5.0])
CRITICAL - 17:02:56.в строке 95 функция "log_all()"  выдало сообщение: конец работы
INFO     - 17:02:56.в строке 52 функция "__init__()"  выдало сообщение: программа сделала: получен запрос на создание экземплара класса Archive с аргументами("['rr']", [5.0])
CRITICAL - 17:05:21.в строке 95 функция "log_all()"  выдало сообщение: конец работы
INFO     - 17:05:21.в строке 52 функция "__init__()"  выдало сообщение: программа сделала: получен запрос на создание экземплара класса Archive с аргументами('rr', 5.0)
INFO     - 17:05:21.в строке 86 функция "__str__()"  выдало сообщение: программа сделала: Text is rr and number is 5.0. Also [] and []
INFO     - 17:05:21.в строке 83 функция "__init__()"  выдало сообщение: программа сделала: Text is rr and number is 5.0. Also [] and []
INFO     - 17:05:21.в строке 52 функция "__init__()"  выдало сообщение: программа сделала: получен запрос на создание экземплара класса Archive с аргументами('Sample text', 42.5)
INFO     - 17:05:21.в строке 86 функция "__str__()"  выдало сообщение: программа сделала: Text is Sample text and number is 42.5. Also ['rr'] and [5.0]
INFO     - 17:05:21.в строке 83 функция "__init__()"  выдало сообщение: программа сделала: Text is Sample text and number is 42.5. Also ['rr'] and [5.0]
INFO     - 17:05:21.в строке 86 функция "__str__()"  выдало сообщение: программа сделала: Text is Sample text and number is 42.5. Also ['rr'] and [5.0]
INFO     - 17:05:21.в строке 118 функция "<module>()"  выдало сообщение: печатаем: Text is Sample text and number is 42.5. Also ['rr'] and [5.0] 
INFO     - 17:05:21.в строке 86 функция "__str__()"  выдало сообщение: программа сделала: Text is Sample text and number is 42.5. Also ['rr'] and [5.0]
CRITICAL - 17:06:09.в строке 95 функция "log_all()"  выдало сообщение: конец работы
CRITICAL - 17:08:49.в строке 95 функция "log_all()"  выдало сообщение: конец работы
ERROR    - 17:08:49.в строке 111 функция "<module>()"  выдало сообщение:  Unrecognized arguments: ['text', '5']
INFO     - 17:08:49.в строке 112 функция "<module>()"  выдало сообщение: Получили аргументы: ,0 
CRITICAL - 17:09:54.в строке 95 функция "log_all()"  выдало сообщение: конец работы
ERROR    - 17:09:54.в строке 111 функция "<module>()"  выдало сообщение:  Unrecognized arguments: ['text', '5']
INFO     - 17:09:54.в строке 112 функция "<module>()"  выдало сообщение: Получили аргументы: ,0 
INFO     - 17:09:54.в строке 52 функция "__init__()"  выдало сообщение: программа сделала: получен запрос на создание экземплара класса Archive с аргументами('text', '5')
CRITICAL - 17:15:44.в строке 95 функция "log_all()"  выдало сообщение: конец работы
ERROR    - 17:15:44.в строке 111 функция "<module>()"  выдало сообщение:  Unrecognized arguments: ['text', '5']
INFO     - 17:15:44.в строке 52 функция "__init__()"  выдало сообщение: программа сделала: получен запрос на создание экземплара класса Archive с аргументами('text', 5.0)
INFO     - 17:15:44.в строке 86 функция "__str__()"  выдало сообщение: программа сделала: Text is text and number is 5.0. Also [] and []
INFO     - 17:15:44.в строке 83 функция "__init__()"  выдало сообщение: программа сделала: Text is text and number is 5.0. Also [] and []
INFO     - 17:15:44.в строке 114 функция "<module>()"  выдало сообщение: Получили аргументы: text,5.0 
INFO     - 17:15:44.в строке 117 функция "<module>()"  выдало сообщение: Получили аргументы: ,0 
INFO     - 17:15:44.в строке 52 функция "__init__()"  выдало сообщение: программа сделала: получен запрос на создание экземплара класса Archive с аргументами('text', '5')
CRITICAL - 17:16:22.в строке 95 функция "log_all()"  выдало сообщение: конец работы
ERROR    - 17:16:22.в строке 111 функция "<module>()"  выдало сообщение:  Unrecognized arguments: ['text', '5']
INFO     - 17:16:22.в строке 52 функция "__init__()"  выдало сообщение: программа сделала: получен запрос на создание экземплара класса Archive с аргументами('text', 5.0)
INFO     - 17:16:22.в строке 86 функция "__str__()"  выдало сообщение: программа сделала: Text is text and number is 5.0. Also [] and []
INFO     - 17:16:22.в строке 83 функция "__init__()"  выдало сообщение: программа сделала: Text is text and number is 5.0. Also [] and []
INFO     - 17:16:22.в строке 114 функция "<module>()"  выдало сообщение: Получили аргументы: text,5.0 
INFO     - 17:16:22.в строке 52 функция "__init__()"  выдало сообщение: программа сделала: получен запрос на создание экземплара класса Archive с аргументами('Sample text', 42.5)
INFO     - 17:16:22.в строке 86 функция "__str__()"  выдало сообщение: программа сделала: Text is Sample text and number is 42.5. Also ['text'] and [5.0]
INFO     - 17:16:22.в строке 83 функция "__init__()"  выдало сообщение: программа сделала: Text is Sample text and number is 42.5. Also ['text'] and [5.0]
INFO     - 17:16:22.в строке 86 функция "__str__()"  выдало сообщение: программа сделала: Text is Sample text and number is 42.5. Also ['text'] and [5.0]
INFO     - 17:16:22.в строке 123 функция "<module>()"  выдало сообщение: печатаем: Text is Sample text and number is 42.5. Also ['text'] and [5.0] 
INFO     - 17:16:22.в строке 86 функция "__str__()"  выдало сообщение: программа сделала: Text is Sample text and number is 42.5. Also ['text'] and [5.0]
CRITICAL - 17:16:42.в строке 95 функция "log_all()"  выдало сообщение: конец работы
ERROR    - 17:16:42.в строке 111 функция "<module>()"  выдало сообщение:  Unrecognized arguments: ['text']
INFO     - 17:16:42.в строке 52 функция "__init__()"  выдало сообщение: программа сделала: получен запрос на создание экземплара класса Archive с аргументами('text', 0)
ERROR    - 17:16:42.в строке 80 функция "__init__()"  выдало сообщение: Поймали ошибку: <class '__main__.InvalidNumberError'> Invalid text: text. Text should be a non-empty string.
CRITICAL - 17:17:43.в строке 95 функция "log_all()"  выдало сообщение: конец работы
ERROR    - 17:17:43.в строке 111 функция "<module>()"  выдало сообщение:  Unrecognized arguments: ['5']
INFO     - 17:17:43.в строке 52 функция "__init__()"  выдало сообщение: программа сделала: получен запрос на создание экземплара класса Archive с аргументами('5', 0)
ERROR    - 17:17:43.в строке 80 функция "__init__()"  выдало сообщение: Поймали ошибку: <class '__main__.InvalidNumberError'> Invalid text: 5. Text should be a non-empty string.
CRITICAL - 17:18:58.в строке 95 функция "log_all()"  выдало сообщение: конец работы
ERROR    - 17:18:58.в строке 111 функция "<module>()"  выдало сообщение:  Unrecognized arguments: ['5']
INFO     - 17:18:58.в строке 52 функция "__init__()"  выдало сообщение: программа сделала: получен запрос на создание экземплара класса Archive с аргументами('5', 0)
ERROR    - 17:18:58.в строке 80 функция "__init__()"  выдало сообщение: Поймали ошибку: <class '__main__.InvalidNumberError'> Invalid text: 5. Text should be a non-empty string.
CRITICAL - 17:19:13.в строке 95 функция "log_all()"  выдало сообщение: конец работы
ERROR    - 17:19:13.в строке 111 функция "<module>()"  выдало сообщение:  Unrecognized arguments: ['5', '1']
INFO     - 17:19:13.в строке 52 функция "__init__()"  выдало сообщение: программа сделала: получен запрос на создание экземплара класса Archive с аргументами('5', 1.0)
INFO     - 17:19:13.в строке 86 функция "__str__()"  выдало сообщение: программа сделала: Text is 5 and number is 1.0. Also [] and []
INFO     - 17:19:13.в строке 83 функция "__init__()"  выдало сообщение: программа сделала: Text is 5 and number is 1.0. Also [] and []
INFO     - 17:19:13.в строке 114 функция "<module>()"  выдало сообщение: Получили аргументы: 5,1.0 
INFO     - 17:19:13.в строке 52 функция "__init__()"  выдало сообщение: программа сделала: получен запрос на создание экземплара класса Archive с аргументами('Sample text', 42.5)
INFO     - 17:19:13.в строке 86 функция "__str__()"  выдало сообщение: программа сделала: Text is Sample text and number is 42.5. Also ['5'] and [1.0]
INFO     - 17:19:13.в строке 83 функция "__init__()"  выдало сообщение: программа сделала: Text is Sample text and number is 42.5. Also ['5'] and [1.0]
INFO     - 17:19:13.в строке 86 функция "__str__()"  выдало сообщение: программа сделала: Text is Sample text and number is 42.5. Also ['5'] and [1.0]
INFO     - 17:19:13.в строке 123 функция "<module>()"  выдало сообщение: печатаем: Text is Sample text and number is 42.5. Also ['5'] and [1.0] 
INFO     - 17:19:13.в строке 86 функция "__str__()"  выдало сообщение: программа сделала: Text is Sample text and number is 42.5. Also ['5'] and [1.0]
CRITICAL - 17:19:36.в строке 95 функция "log_all()"  выдало сообщение: конец работы
INFO     - 17:19:36.в строке 52 функция "__init__()"  выдало сообщение: программа сделала: получен запрос на создание экземплара класса Archive с аргументами('rr', 5.0)
INFO     - 17:19:36.в строке 86 функция "__str__()"  выдало сообщение: программа сделала: Text is rr and number is 5.0. Also [] and []
INFO     - 17:19:36.в строке 83 функция "__init__()"  выдало сообщение: программа сделала: Text is rr and number is 5.0. Also [] and []
INFO     - 17:19:36.в строке 52 функция "__init__()"  выдало сообщение: программа сделала: получен запрос на создание экземплара класса Archive с аргументами('Sample text', 42.5)
INFO     - 17:19:36.в строке 86 функция "__str__()"  выдало сообщение: программа сделала: Text is Sample text and number is 42.5. Also ['rr'] and [5.0]
INFO     - 17:19:36.в строке 83 функция "__init__()"  выдало сообщение: программа сделала: Text is Sample text and number is 42.5. Also ['rr'] and [5.0]
INFO     - 17:19:36.в строке 86 функция "__str__()"  выдало сообщение: программа сделала: Text is Sample text and number is 42.5. Also ['rr'] and [5.0]
INFO     - 17:19:36.в строке 123 функция "<module>()"  выдало сообщение: печатаем: Text is Sample text and number is 42.5. Also ['rr'] and [5.0] 
INFO     - 17:19:36.в строке 86 функция "__str__()"  выдало сообщение: программа сделала: Text is Sample text and number is 42.5. Also ['rr'] and [5.0]
CRITICAL - 17:19:53.в строке 95 функция "log_all()"  выдало сообщение: конец работы
CRITICAL - 17:20:53.в строке 95 функция "log_all()"  выдало сообщение: конец работы
INFO     - 17:20:53.в строке 52 функция "__init__()"  выдало сообщение: программа сделала: получен запрос на создание экземплара класса Archive с аргументами('', 0)
ERROR    - 17:20:53.в строке 62 функция "__init__()"  выдало сообщение: Поймали ошибку: <class '__main__.InvalidNumberError'> Invalid text: . Text should be a non-empty string.
CRITICAL - 17:22:13.в строке 95 функция "log_all()"  выдало сообщение: конец работы
INFO     - 17:22:13.в строке 52 функция "__init__()"  выдало сообщение: программа сделала: получен запрос на создание экземплара класса Archive с аргументами('1', 1)
INFO     - 17:22:13.в строке 86 функция "__str__()"  выдало сообщение: программа сделала: Text is 1 and number is 1. Also [] and []
INFO     - 17:22:13.в строке 83 функция "__init__()"  выдало сообщение: программа сделала: Text is 1 and number is 1. Also [] and []
INFO     - 17:22:13.в строке 52 функция "__init__()"  выдало сообщение: программа сделала: получен запрос на создание экземплара класса Archive с аргументами('Sample text', 42.5)
INFO     - 17:22:13.в строке 86 функция "__str__()"  выдало сообщение: программа сделала: Text is Sample text and number is 42.5. Also ['1'] and [1]
INFO     - 17:22:13.в строке 83 функция "__init__()"  выдало сообщение: программа сделала: Text is Sample text and number is 42.5. Also ['1'] and [1]
INFO     - 17:22:13.в строке 86 функция "__str__()"  выдало сообщение: программа сделала: Text is Sample text and number is 42.5. Also ['1'] and [1]
INFO     - 17:22:13.в строке 121 функция "<module>()"  выдало сообщение: печатаем: Text is Sample text and number is 42.5. Also ['1'] and [1] 
INFO     - 17:22:13.в строке 86 функция "__str__()"  выдало сообщение: программа сделала: Text is Sample text and number is 42.5. Also ['1'] and [1]
CRITICAL - 17:23:07.в строке 95 функция "log_all()"  выдало сообщение: конец работы
INFO     - 17:23:07.в строке 52 функция "__init__()"  выдало сообщение: программа сделала: получен запрос на создание экземплара класса Archive с аргументами('1', 1)
INFO     - 17:23:07.в строке 86 функция "__str__()"  выдало сообщение: программа сделала: Text is 1 and number is 1. Also [] and []
INFO     - 17:23:07.в строке 83 функция "__init__()"  выдало сообщение: программа сделала: Text is 1 and number is 1. Also [] and []
INFO     - 17:23:07.в строке 52 функция "__init__()"  выдало сообщение: программа сделала: получен запрос на создание экземплара класса Archive с аргументами('Sample text', 42.5)
INFO     - 17:23:07.в строке 86 функция "__str__()"  выдало сообщение: программа сделала: Text is Sample text and number is 42.5. Also ['1'] and [1]
INFO     - 17:23:07.в строке 83 функция "__init__()"  выдало сообщение: программа сделала: Text is Sample text and number is 42.5. Also ['1'] and [1]
INFO     - 17:23:07.в строке 86 функция "__str__()"  выдало сообщение: программа сделала: Text is Sample text and number is 42.5. Also ['1'] and [1]
CRITICAL - 17:24:22.в строке 95 функция "log_all()"  выдало сообщение: конец работы
INFO     - 17:24:22.в строке 52 функция "__init__()"  выдало сообщение: программа сделала: получен запрос на создание экземплара класса Archive с аргументами('1', 1)
INFO     - 17:24:22.в строке 86 функция "__str__()"  выдало сообщение: программа сделала: Text is 1 and number is 1. Also [] and []
INFO     - 17:24:22.в строке 83 функция "__init__()"  выдало сообщение: программа сделала: Text is 1 and number is 1. Also [] and []
INFO     - 17:24:22.в строке 52 функция "__init__()"  выдало сообщение: программа сделала: получен запрос на создание экземплара класса Archive с аргументами('Sample text', 42.5)
INFO     - 17:24:22.в строке 86 функция "__str__()"  выдало сообщение: программа сделала: Text is Sample text and number is 42.5. Also ['1'] and [1]
INFO     - 17:24:22.в строке 83 функция "__init__()"  выдало сообщение: программа сделала: Text is Sample text and number is 42.5. Also ['1'] and [1]
INFO     - 17:24:22.в строке 86 функция "__str__()"  выдало сообщение: программа сделала: Text is Sample text and number is 42.5. Also ['1'] and [1]
CRITICAL - 17:25:29.в строке 94 функция "log_all()"  выдало сообщение: конец работы
INFO     - 17:25:29.в строке 52 функция "__init__()"  выдало сообщение: программа сделала: получен запрос на создание экземплара класса Archive с аргументами('1', 1)
INFO     - 17:25:29.в строке 83 функция "__init__()"  выдало сообщение: программа сделала: Text is 1 and number is 1. Also [] and []
INFO     - 17:25:29.в строке 52 функция "__init__()"  выдало сообщение: программа сделала: получен запрос на создание экземплара класса Archive с аргументами('Sample text', 42.5)
INFO     - 17:25:29.в строке 83 функция "__init__()"  выдало сообщение: программа сделала: Text is Sample text and number is 42.5. Also ['1'] and [1]
